<?xml version="1.0" encoding="UTF-8"?>
<!-- Generated by org.testng.reporters.JUnitReportReporter -->
<testsuite hostname="DESKTOP-SC56F03" failures="0" tests="1" name="CrudOperation.DeleteProject" time="2.849" errors="0" timestamp="22 Dec 2022 07:14:00 GMT" skipped="0">
  <testcase classname="CrudOperation.DeleteProject" name="Delete_project" time="2.849"/>
</testsuite> <!-- CrudOperation.DeleteProject -->
