<?xml version="1.0" encoding="UTF-8"?>
<!-- Generated by org.testng.reporters.JUnitReportReporter -->
<testsuite hostname="DESKTOP-SC56F03" failures="0" tests="1" name="CrudOperation.CreateProject" time="2.136" errors="0" timestamp="22 Dec 2022 06:55:12 GMT" skipped="0">
  <testcase classname="CrudOperation.CreateProject" name="createproject" time="2.136"/>
</testsuite> <!-- CrudOperation.CreateProject -->
