<?xml version="1.0" encoding="UTF-8"?>
<!-- Generated by org.testng.reporters.JUnitReportReporter -->
<testsuite hostname="DESKTOP-SC56F03" failures="0" tests="1" name="CrudOperation.GetAllProjects" time="2.630" errors="0" timestamp="22 Dec 2022 07:27:47 GMT" skipped="0">
  <testcase classname="CrudOperation.GetAllProjects" name="GetAllProject" time="2.630"/>
</testsuite> <!-- CrudOperation.GetAllProjects -->
