<?xml version="1.0" encoding="UTF-8"?>
<!-- Generated by org.testng.reporters.JUnitReportReporter -->
<testsuite hostname="DESKTOP-SC56F03" failures="0" tests="1" name="CrudOperation.GetOneProject" time="3.220" errors="0" timestamp="22 Dec 2022 07:52:09 GMT" skipped="0">
  <testcase classname="CrudOperation.GetOneProject" name="GetProject" time="3.220"/>
</testsuite> <!-- CrudOperation.GetOneProject -->
